<?xml version="1.0" encoding="UTF-8"?>
<!-- Generated by org.testng.reporters.JUnitReportReporter -->
<testsuite skipped="0" hostname="XIPLRAC037" name="QAFurguson.SeleniumTest" tests="2" failures="0" timestamp="01 Feb 2019 13:52:02 GMT" time="0.001" errors="0">
  <testcase name="webLogin" time="0.000" classname="QAFurguson.SeleniumTest"/>
  <testcase name="webLogut" time="0.001" classname="QAFurguson.SeleniumTest"/>
</testsuite> <!-- QAFurguson.SeleniumTest -->
