<?xml version="1.0" encoding="UTF-8"?>
<!-- Generated by org.testng.reporters.JUnitReportReporter -->
<testsuite skipped="0" hostname="XIPLRAC037" name="QAFurguson.RestAPITest" tests="2" failures="0" timestamp="01 Feb 2019 13:52:02 GMT" time="0.015" errors="0">
  <testcase name="APILogut" time="0.001" classname="QAFurguson.RestAPITest"/>
  <testcase name="APILogin" time="0.014" classname="QAFurguson.RestAPITest"/>
</testsuite> <!-- QAFurguson.RestAPITest -->
