<?xml version="1.0" encoding="UTF-8"?>
<!-- Generated by org.testng.reporters.JUnitReportReporter -->
<testsuite skipped="0" hostname="XIPLRAC037" name="QAFurguson.AppiumTest" tests="2" failures="0" timestamp="01 Feb 2019 13:52:02 GMT" time="0.000" errors="0">
  <testcase name="mobileLogin" time="0.000" classname="QAFurguson.AppiumTest"/>
  <testcase name="mobileLogut" time="0.000" classname="QAFurguson.AppiumTest"/>
</testsuite> <!-- QAFurguson.AppiumTest -->
